
＝＝＝＝＝＝＝＝＝＝                                   
【日志级别】DEBUG                                   
【记录时间】2020-12-18 15:58:28,529                                   
【执行时间】[8192]毫秒                                   
【debug位置】dy.Api.Controllers.TestController 属性[(null)]                                   
【debug描述】这是bug日志
＝＝＝＝＝＝＝＝＝＝                                   
【日志级别】DEBUG                                   
【记录时间】2020-12-18 16:00:13,840                                   
【执行时间】[7141]毫秒                                   
【debug位置】dy.Api.Controllers.TestController 属性[(null)]                                   
【debug描述】这是bug日志
＝＝＝＝＝＝＝＝＝＝                                   
【日志级别】DEBUG                                   
【记录时间】2020-12-18 16:02:48,168                                   
【执行时间】[26198]毫秒                                   
【debug位置】dy.Api.Controllers.TestController 属性[(null)]                                   
【debug描述】这是bug日志
＝＝＝＝＝＝＝＝＝＝                                   
【日志级别】DEBUG                                   
【记录时间】2020-12-18 16:14:50,836                                   
【执行时间】[31447]毫秒                                   
【debug位置】dy.Api.Controllers.TestController 属性[(null)]                                   
【debug描述】这是bug日志
＝＝＝＝＝＝＝＝＝＝                                   
【日志级别】DEBUG                                   
【记录时间】2020-12-18 16:15:48,623                                   
【执行时间】[89234]毫秒                                   
【debug位置】dy.Api.Controllers.TestController 属性[(null)]                                   
【debug描述】这是bug日志
＝＝＝＝＝＝＝＝＝＝                                   
【日志级别】DEBUG                                   
【记录时间】2020-12-18 16:16:02,533                                   
【执行时间】[103143]毫秒                                   
【debug位置】dy.Api.Controllers.TestController 属性[(null)]                                   
【debug描述】这是bug日志
＝＝＝＝＝＝＝＝＝＝                                   
【日志级别】DEBUG                                   
【记录时间】2020-12-18 16:16:27,231                                   
【执行时间】[127841]毫秒                                   
【debug位置】dy.Api.Controllers.TestController 属性[(null)]                                   
【debug描述】这是bug日志
＝＝＝＝＝＝＝＝＝＝                                   
【日志级别】DEBUG                                   
【记录时间】2020-12-18 16:16:27,976                                   
【执行时间】[128586]毫秒                                   
【debug位置】dy.Api.Controllers.TestController 属性[(null)]                                   
【debug描述】这是bug日志
＝＝＝＝＝＝＝＝＝＝                                   
【日志级别】DEBUG                                   
【记录时间】2020-12-18 16:16:28,341                                   
【执行时间】[128951]毫秒                                   
【debug位置】dy.Api.Controllers.TestController 属性[(null)]                                   
【debug描述】这是bug日志
＝＝＝＝＝＝＝＝＝＝                                   
【日志级别】DEBUG                                   
【记录时间】2020-12-18 16:16:28,532                                   
【执行时间】[129142]毫秒                                   
【debug位置】dy.Api.Controllers.TestController 属性[(null)]                                   
【debug描述】这是bug日志
＝＝＝＝＝＝＝＝＝＝                                   
【日志级别】DEBUG                                   
【记录时间】2020-12-18 16:16:28,715                                   
【执行时间】[129325]毫秒                                   
【debug位置】dy.Api.Controllers.TestController 属性[(null)]                                   
【debug描述】这是bug日志
＝＝＝＝＝＝＝＝＝＝                                   
【日志级别】DEBUG                                   
【记录时间】2020-12-18 16:16:28,887                                   
【执行时间】[129497]毫秒                                   
【debug位置】dy.Api.Controllers.TestController 属性[(null)]                                   
【debug描述】这是bug日志
＝＝＝＝＝＝＝＝＝＝                                   
【日志级别】DEBUG                                   
【记录时间】2020-12-18 16:16:29,072                                   
【执行时间】[129682]毫秒                                   
【debug位置】dy.Api.Controllers.TestController 属性[(null)]                                   
【debug描述】这是bug日志
＝＝＝＝＝＝＝＝＝＝                                   
【日志级别】DEBUG                                   
【记录时间】2020-12-18 16:16:29,234                                   
【执行时间】[129844]毫秒                                   
【debug位置】dy.Api.Controllers.TestController 属性[(null)]                                   
【debug描述】这是bug日志
＝＝＝＝＝＝＝＝＝＝                                   
【日志级别】DEBUG                                   
【记录时间】2020-12-18 16:16:29,423                                   
【执行时间】[130033]毫秒                                   
【debug位置】dy.Api.Controllers.TestController 属性[(null)]                                   
【debug描述】这是bug日志
＝＝＝＝＝＝＝＝＝＝                                   
【日志级别】DEBUG                                   
【记录时间】2020-12-18 16:16:29,607                                   
【执行时间】[130217]毫秒                                   
【debug位置】dy.Api.Controllers.TestController 属性[(null)]                                   
【debug描述】这是bug日志
＝＝＝＝＝＝＝＝＝＝                                   
【日志级别】DEBUG                                   
【记录时间】2020-12-18 16:16:34,419                                   
【执行时间】[135029]毫秒                                   
【debug位置】dy.Api.Controllers.TestController 属性[(null)]                                   
【debug描述】这是bug日志
＝＝＝＝＝＝＝＝＝＝                                   
【日志级别】DEBUG                                   
【记录时间】2020-12-18 16:16:34,952                                   
【执行时间】[135563]毫秒                                   
【debug位置】dy.Api.Controllers.TestController 属性[(null)]                                   
【debug描述】这是bug日志
＝＝＝＝＝＝＝＝＝＝                                   
【日志级别】DEBUG                                   
【记录时间】2020-12-18 16:16:35,421                                   
【执行时间】[136031]毫秒                                   
【debug位置】dy.Api.Controllers.TestController 属性[(null)]                                   
【debug描述】这是bug日志
＝＝＝＝＝＝＝＝＝＝                                   
【日志级别】DEBUG                                   
【记录时间】2020-12-18 16:16:35,897                                   
【执行时间】[136507]毫秒                                   
【debug位置】dy.Api.Controllers.TestController 属性[(null)]                                   
【debug描述】这是bug日志
＝＝＝＝＝＝＝＝＝＝                                   
【日志级别】DEBUG                                   
【记录时间】2020-12-18 16:16:38,562                                   
【执行时间】[139172]毫秒                                   
【debug位置】dy.Api.Controllers.TestController 属性[(null)]                                   
【debug描述】这是bug日志
＝＝＝＝＝＝＝＝＝＝                                   
【日志级别】DEBUG                                   
【记录时间】2020-12-18 16:16:39,048                                   
【执行时间】[139658]毫秒                                   
【debug位置】dy.Api.Controllers.TestController 属性[(null)]                                   
【debug描述】这是bug日志
＝＝＝＝＝＝＝＝＝＝                                   
【日志级别】DEBUG                                   
【记录时间】2020-12-18 16:16:39,502                                   
【执行时间】[140112]毫秒                                   
【debug位置】dy.Api.Controllers.TestController 属性[(null)]                                   
【debug描述】这是bug日志
＝＝＝＝＝＝＝＝＝＝                                   
【日志级别】DEBUG                                   
【记录时间】2020-12-18 16:16:41,834                                   
【执行时间】[142444]毫秒                                   
【debug位置】dy.Api.Controllers.TestController 属性[(null)]                                   
【debug描述】这是bug日志
＝＝＝＝＝＝＝＝＝＝                                   
【日志级别】DEBUG                                   
【记录时间】2020-12-18 16:16:42,344                                   
【执行时间】[142954]毫秒                                   
【debug位置】dy.Api.Controllers.TestController 属性[(null)]                                   
【debug描述】这是bug日志
＝＝＝＝＝＝＝＝＝＝                                   
【日志级别】DEBUG                                   
【记录时间】2020-12-18 16:16:42,763                                   
【执行时间】[143374]毫秒                                   
【debug位置】dy.Api.Controllers.TestController 属性[(null)]                                   
【debug描述】这是bug日志
＝＝＝＝＝＝＝＝＝＝                                   
【日志级别】DEBUG                                   
【记录时间】2020-12-18 16:16:42,962                                   
【执行时间】[143572]毫秒                                   
【debug位置】dy.Api.Controllers.TestController 属性[(null)]                                   
【debug描述】这是bug日志
＝＝＝＝＝＝＝＝＝＝                                   
【日志级别】DEBUG                                   
【记录时间】2020-12-18 16:16:43,144                                   
【执行时间】[143754]毫秒                                   
【debug位置】dy.Api.Controllers.TestController 属性[(null)]                                   
【debug描述】这是bug日志
＝＝＝＝＝＝＝＝＝＝                                   
【日志级别】DEBUG                                   
【记录时间】2020-12-18 16:16:43,315                                   
【执行时间】[143925]毫秒                                   
【debug位置】dy.Api.Controllers.TestController 属性[(null)]                                   
【debug描述】这是bug日志
＝＝＝＝＝＝＝＝＝＝                                   
【日志级别】DEBUG                                   
【记录时间】2020-12-18 16:16:43,521                                   
【执行时间】[144131]毫秒                                   
【debug位置】dy.Api.Controllers.TestController 属性[(null)]                                   
【debug描述】这是bug日志
＝＝＝＝＝＝＝＝＝＝                                   
【日志级别】DEBUG                                   
【记录时间】2020-12-18 16:16:53,366                                   
【执行时间】[153976]毫秒                                   
【debug位置】dy.Api.Controllers.TestController 属性[(null)]                                   
【debug描述】这是bug日志
＝＝＝＝＝＝＝＝＝＝                                   
【日志级别】DEBUG                                   
【记录时间】2020-12-18 16:16:53,916                                   
【执行时间】[154526]毫秒                                   
【debug位置】dy.Api.Controllers.TestController 属性[(null)]                                   
【debug描述】这是bug日志
＝＝＝＝＝＝＝＝＝＝                                   
【日志级别】DEBUG                                   
【记录时间】2020-12-18 16:16:54,327                                   
【执行时间】[154937]毫秒                                   
【debug位置】dy.Api.Controllers.TestController 属性[(null)]                                   
【debug描述】这是bug日志
＝＝＝＝＝＝＝＝＝＝                                   
【日志级别】DEBUG                                   
【记录时间】2020-12-18 16:16:54,513                                   
【执行时间】[155123]毫秒                                   
【debug位置】dy.Api.Controllers.TestController 属性[(null)]                                   
【debug描述】这是bug日志
＝＝＝＝＝＝＝＝＝＝                                   
【日志级别】DEBUG                                   
【记录时间】2020-12-18 16:16:54,704                                   
【执行时间】[155314]毫秒                                   
【debug位置】dy.Api.Controllers.TestController 属性[(null)]                                   
【debug描述】这是bug日志
＝＝＝＝＝＝＝＝＝＝                                   
【日志级别】DEBUG                                   
【记录时间】2020-12-18 16:16:54,891                                   
【执行时间】[155502]毫秒                                   
【debug位置】dy.Api.Controllers.TestController 属性[(null)]                                   
【debug描述】这是bug日志
＝＝＝＝＝＝＝＝＝＝                                   
【日志级别】DEBUG                                   
【记录时间】2020-12-18 16:16:55,082                                   
【执行时间】[155692]毫秒                                   
【debug位置】dy.Api.Controllers.TestController 属性[(null)]                                   
【debug描述】这是bug日志
＝＝＝＝＝＝＝＝＝＝                                   
【日志级别】DEBUG                                   
【记录时间】2020-12-18 16:16:55,266                                   
【执行时间】[155877]毫秒                                   
【debug位置】dy.Api.Controllers.TestController 属性[(null)]                                   
【debug描述】这是bug日志
＝＝＝＝＝＝＝＝＝＝                                   
【日志级别】DEBUG                                   
【记录时间】2020-12-18 16:17:12,631                                   
【执行时间】[173241]毫秒                                   
【debug位置】dy.Api.Controllers.TestController 属性[(null)]                                   
【debug描述】这是bug日志
＝＝＝＝＝＝＝＝＝＝                                   
【日志级别】DEBUG                                   
【记录时间】2020-12-18 16:17:13,148                                   
【执行时间】[173759]毫秒                                   
【debug位置】dy.Api.Controllers.TestController 属性[(null)]                                   
【debug描述】这是bug日志
＝＝＝＝＝＝＝＝＝＝                                   
【日志级别】DEBUG                                   
【记录时间】2020-12-18 16:17:13,368                                   
【执行时间】[173978]毫秒                                   
【debug位置】dy.Api.Controllers.TestController 属性[(null)]                                   
【debug描述】这是bug日志
＝＝＝＝＝＝＝＝＝＝                                   
【日志级别】DEBUG                                   
【记录时间】2020-12-18 16:17:13,536                                   
【执行时间】[174146]毫秒                                   
【debug位置】dy.Api.Controllers.TestController 属性[(null)]                                   
【debug描述】这是bug日志
＝＝＝＝＝＝＝＝＝＝                                   
【日志级别】DEBUG                                   
【记录时间】2020-12-18 16:17:13,712                                   
【执行时间】[174323]毫秒                                   
【debug位置】dy.Api.Controllers.TestController 属性[(null)]                                   
【debug描述】这是bug日志
＝＝＝＝＝＝＝＝＝＝                                   
【日志级别】DEBUG                                   
【记录时间】2020-12-18 16:17:17,006                                   
【执行时间】[177616]毫秒                                   
【debug位置】dy.Api.Controllers.TestController 属性[(null)]                                   
【debug描述】这是bug日志
＝＝＝＝＝＝＝＝＝＝                                   
【日志级别】DEBUG                                   
【记录时间】2020-12-18 16:17:17,467                                   
【执行时间】[178078]毫秒                                   
【debug位置】dy.Api.Controllers.TestController 属性[(null)]                                   
【debug描述】这是bug日志
＝＝＝＝＝＝＝＝＝＝                                   
【日志级别】DEBUG                                   
【记录时间】2020-12-18 16:17:20,631                                   
【执行时间】[181242]毫秒                                   
【debug位置】dy.Api.Controllers.TestController 属性[(null)]                                   
【debug描述】这是bug日志
＝＝＝＝＝＝＝＝＝＝                                   
【日志级别】DEBUG                                   
【记录时间】2020-12-18 16:17:21,065                                   
【执行时间】[181676]毫秒                                   
【debug位置】dy.Api.Controllers.TestController 属性[(null)]                                   
【debug描述】这是bug日志