
＝＝＝＝＝＝＝＝＝＝                                   
【日志级别】ERROR                                   
【记录时间】2021-01-19 10:01:56,921                                   
【执行时间】[19472]毫秒                                   
【错误位置】dy.Api.Controllers.AuthController 属性[(null)]                                   
【错误描述】获取token失败!                                   
【错误详情】
System.Exception: OpenId为空，获取token失败！

＝＝＝＝＝＝＝＝＝＝                                   
【日志级别】ERROR                                   
【记录时间】2021-01-19 10:25:14,580                                   
【执行时间】[37921]毫秒                                   
【错误位置】System.String 属性[(null)]                                   
【错误描述】出现未知异常                                   
【错误详情】
System.Exception: 支付金额不能低于0.3元！
   at dy.Api.WeChat.WxPayController.EnterprisePayToStaffWechatChange(WxPayDto dto) in E:\code\dy\dy.Api\WeChat\WxPayController.cs:line 43
   at lambda_method(Closure , Object , Object[] )
   at Microsoft.Extensions.Internal.ObjectMethodExecutor.Execute(Object target, Object[] parameters)
   at Microsoft.AspNetCore.Mvc.Infrastructure.ActionMethodExecutor.SyncActionResultExecutor.Execute(IActionResultTypeMapper mapper, ObjectMethodExecutor executor, Object controller, Object[] arguments)
   at Microsoft.AspNetCore.Mvc.Infrastructure.ControllerActionInvoker.InvokeActionMethodAsync()
   at Microsoft.AspNetCore.Mvc.Infrastructure.ControllerActionInvoker.Next(State& next, Scope& scope, Object& state, Boolean& isCompleted)
   at Microsoft.AspNetCore.Mvc.Infrastructure.ControllerActionInvoker.InvokeNextActionFilterAsync()
--- End of stack trace from previous location where exception was thrown ---
   at Microsoft.AspNetCore.Mvc.Infrastructure.ControllerActionInvoker.Rethrow(ActionExecutedContextSealed context)
   at Microsoft.AspNetCore.Mvc.Infrastructure.ControllerActionInvoker.Next(State& next, Scope& scope, Object& state, Boolean& isCompleted)
   at Microsoft.AspNetCore.Mvc.Infrastructure.ControllerActionInvoker.InvokeInnerFilterAsync()
--- End of stack trace from previous location where exception was thrown ---
   at Microsoft.AspNetCore.Mvc.Infrastructure.ResourceInvoker.<InvokeNextExceptionFilterAsync>g__Awaited|25_0(ResourceInvoker invoker, Task lastTask, State next, Scope scope, Object state, Boolean isCompleted)

＝＝＝＝＝＝＝＝＝＝                                   
【日志级别】ERROR                                   
【记录时间】2021-01-19 10:26:17,318                                   
【执行时间】[41959]毫秒                                   
【错误位置】dy.Api.WeChat.WxPayController 属性[(null)]                                   
【错误描述】付款到零钱失败！                                   
【错误详情】
System.Exception: 支付金额不能低于0.3元！

＝＝＝＝＝＝＝＝＝＝                                   
【日志级别】ERROR                                   
【记录时间】2021-01-19 10:29:55,226                                   
【执行时间】[38409]毫秒                                   
【错误位置】dy.Api.WeChat.WxPayController 属性[(null)]                                   
【错误描述】付款到零钱失败！                                   
【错误详情】
System.Exception: dy.Common.Helper.WxPayResult

＝＝＝＝＝＝＝＝＝＝                                   
【日志级别】ERROR                                   
【记录时间】2021-01-19 10:32:43,964                                   
【执行时间】[76442]毫秒                                   
【错误位置】dy.Api.WeChat.WxPayController 属性[(null)]                                   
【错误描述】付款到零钱失败！                                   
【错误详情】
System.Exception: 报销金额不能少于0.3元！

＝＝＝＝＝＝＝＝＝＝                                   
【日志级别】ERROR                                   
【记录时间】2021-01-19 11:41:35,274                                   
【执行时间】[46777]毫秒                                   
【错误位置】dy.Api.WeChat.WxPayController 属性[(null)]                                   
【错误描述】微信支付业务处理错误，错误代码：【NOTENOUGH】，错误信息：【余额不足】                                   
【错误详情】

＝＝＝＝＝＝＝＝＝＝                                   
【日志级别】ERROR                                   
【记录时间】2021-01-19 16:46:21,635                                   
【执行时间】[31274]毫秒                                   
【错误位置】dy.Api.Controllers.AuthController 属性[(null)]                                   
【错误描述】获取token失败!                                   
【错误详情】
System.Exception: OpenId为空，获取token失败！

＝＝＝＝＝＝＝＝＝＝                                   
【日志级别】ERROR                                   
【记录时间】2021-01-19 16:48:41,113                                   
【执行时间】[170751]毫秒                                   
【错误位置】dy.Api.WeChat.WxPayController 属性[(null)]                                   
【错误描述】付款到零钱失败！                                   
【错误详情】
System.Exception: 线上支付方式只能为1或2！

＝＝＝＝＝＝＝＝＝＝                                   
【日志级别】ERROR                                   
【记录时间】2021-01-19 17:13:43,805                                   
【执行时间】[45151]毫秒                                   
【错误位置】dy.Api.WeChat.WxPayController 属性[(null)]                                   
【错误描述】付款到零钱失败！                                   
【错误详情】
System.Exception: 报销金额不能少于0.3元！

＝＝＝＝＝＝＝＝＝＝                                   
【日志级别】ERROR                                   
【记录时间】2021-01-19 17:44:11,345                                   
【执行时间】[78861]毫秒                                   
【错误位置】dy.Api.WeChat.WxPayController 属性[(null)]                                   
【错误描述】付款到零钱失败！                                   
【错误详情】
System.Exception: Internal.Cryptography.CryptoThrowHelper+WindowsCryptographicException: 系统找不到指定的路径。
   at Internal.Cryptography.Pal.CertificatePal.FromBlobOrFile(Byte[] rawData, String fileName, SafePasswordHandle password, X509KeyStorageFlags keyStorageFlags)
   at System.Security.Cryptography.X509Certificates.X509Certificate..ctor(String fileName, String password, X509KeyStorageFlags keyStorageFlags)
   at System.Security.Cryptography.X509Certificates.X509Certificate2..ctor(String fileName, String password, X509KeyStorageFlags keyStorageFlags)
   at dy.Common.Helper.WxPayCore.HttpPostResponseWxPay(String url, String xmlParam) in E:\code\dy\dy.Common\Helper\WxPayCore.cs:line 97

＝＝＝＝＝＝＝＝＝＝                                   
【日志级别】ERROR                                   
【记录时间】2021-01-19 17:44:17,703                                   
【执行时间】[85220]毫秒                                   
【错误位置】dy.Api.WeChat.WxPayController 属性[(null)]                                   
【错误描述】付款到零钱失败！                                   
【错误详情】
System.Exception: Internal.Cryptography.CryptoThrowHelper+WindowsCryptographicException: 系统找不到指定的路径。
   at Internal.Cryptography.Pal.CertificatePal.FromBlobOrFile(Byte[] rawData, String fileName, SafePasswordHandle password, X509KeyStorageFlags keyStorageFlags)
   at System.Security.Cryptography.X509Certificates.X509Certificate..ctor(String fileName, String password, X509KeyStorageFlags keyStorageFlags)
   at System.Security.Cryptography.X509Certificates.X509Certificate2..ctor(String fileName, String password, X509KeyStorageFlags keyStorageFlags)
   at dy.Common.Helper.WxPayCore.HttpPostResponseWxPay(String url, String xmlParam) in E:\code\dy\dy.Common\Helper\WxPayCore.cs:line 97

＝＝＝＝＝＝＝＝＝＝                                   
【日志级别】ERROR                                   
【记录时间】2021-01-19 17:44:43,647                                   
【执行时间】[111163]毫秒                                   
【错误位置】dy.Api.WeChat.WxPayController 属性[(null)]                                   
【错误描述】付款到零钱失败！                                   
【错误详情】
System.Exception: Internal.Cryptography.CryptoThrowHelper+WindowsCryptographicException: 系统找不到指定的路径。
   at Internal.Cryptography.Pal.CertificatePal.FromBlobOrFile(Byte[] rawData, String fileName, SafePasswordHandle password, X509KeyStorageFlags keyStorageFlags)
   at System.Security.Cryptography.X509Certificates.X509Certificate..ctor(String fileName, String password, X509KeyStorageFlags keyStorageFlags)
   at System.Security.Cryptography.X509Certificates.X509Certificate2..ctor(String fileName, String password, X509KeyStorageFlags keyStorageFlags)
   at dy.Common.Helper.WxPayCore.HttpPostResponseWxPay(String url, String xmlParam) in E:\code\dy\dy.Common\Helper\WxPayCore.cs:line 97
