
＝＝＝＝＝＝＝＝＝＝                                   
【日志级别】ERROR                                   
【记录时间】2021-01-06 16:25:43,652                                   
【执行时间】[138049]毫秒                                   
【错误位置】System.String 属性[(null)]                                   
【错误描述】出现未知异常                                   
【错误详情】
System.NotImplementedException: The method or operation is not implemented.
   at dy.Repository.TeamRepository.TransferTeamAsync(TransferTeamDto dto, String openId) in E:\code\dy\dy.Repository\TeamRepository.cs:line 207
   at dy.Services.TeamServices.TransferTeamAsync(TransferTeamDto dto, String openId) in E:\code\dy\dy.Services\TeamServices.cs:line 83
   at dy.Api.WeChat.TeamController.TransferTeamAsync(TransferTeamDto dto) in E:\code\dy\dy.Api\WeChat\TeamController.cs:line 177
   at Microsoft.AspNetCore.Mvc.Infrastructure.ActionMethodExecutor.TaskOfIActionResultExecutor.Execute(IActionResultTypeMapper mapper, ObjectMethodExecutor executor, Object controller, Object[] arguments)
   at Microsoft.AspNetCore.Mvc.Infrastructure.ControllerActionInvoker.<InvokeActionMethodAsync>g__Awaited|12_0(ControllerActionInvoker invoker, ValueTask`1 actionResultValueTask)
   at Microsoft.AspNetCore.Mvc.Infrastructure.ControllerActionInvoker.<InvokeNextActionFilterAsync>g__Awaited|10_0(ControllerActionInvoker invoker, Task lastTask, State next, Scope scope, Object state, Boolean isCompleted)
   at Microsoft.AspNetCore.Mvc.Infrastructure.ControllerActionInvoker.Rethrow(ActionExecutedContextSealed context)
   at Microsoft.AspNetCore.Mvc.Infrastructure.ControllerActionInvoker.Next(State& next, Scope& scope, Object& state, Boolean& isCompleted)
   at Microsoft.AspNetCore.Mvc.Infrastructure.ControllerActionInvoker.InvokeInnerFilterAsync()
--- End of stack trace from previous location where exception was thrown ---
   at Microsoft.AspNetCore.Mvc.Infrastructure.ResourceInvoker.<InvokeNextExceptionFilterAsync>g__Awaited|25_0(ResourceInvoker invoker, Task lastTask, State next, Scope scope, Object state, Boolean isCompleted)

＝＝＝＝＝＝＝＝＝＝                                   
【日志级别】ERROR                                   
【记录时间】2021-01-06 16:26:39,853                                   
【执行时间】[194250]毫秒                                   
【错误位置】System.String 属性[(null)]                                   
【错误描述】出现未知异常                                   
【错误详情】
System.NotImplementedException: The method or operation is not implemented.
   at dy.Repository.TeamRepository.TransferTeamAsync(TransferTeamDto dto, String openId) in E:\code\dy\dy.Repository\TeamRepository.cs:line 207
   at dy.Services.TeamServices.TransferTeamAsync(TransferTeamDto dto, String openId) in E:\code\dy\dy.Services\TeamServices.cs:line 83
   at dy.Api.WeChat.TeamController.TransferTeamAsync(TransferTeamDto dto) in E:\code\dy\dy.Api\WeChat\TeamController.cs:line 177
   at Microsoft.AspNetCore.Mvc.Infrastructure.ActionMethodExecutor.TaskOfIActionResultExecutor.Execute(IActionResultTypeMapper mapper, ObjectMethodExecutor executor, Object controller, Object[] arguments)
   at Microsoft.AspNetCore.Mvc.Infrastructure.ControllerActionInvoker.<InvokeActionMethodAsync>g__Awaited|12_0(ControllerActionInvoker invoker, ValueTask`1 actionResultValueTask)
   at Microsoft.AspNetCore.Mvc.Infrastructure.ControllerActionInvoker.<InvokeNextActionFilterAsync>g__Awaited|10_0(ControllerActionInvoker invoker, Task lastTask, State next, Scope scope, Object state, Boolean isCompleted)
   at Microsoft.AspNetCore.Mvc.Infrastructure.ControllerActionInvoker.Rethrow(ActionExecutedContextSealed context)
   at Microsoft.AspNetCore.Mvc.Infrastructure.ControllerActionInvoker.Next(State& next, Scope& scope, Object& state, Boolean& isCompleted)
   at Microsoft.AspNetCore.Mvc.Infrastructure.ControllerActionInvoker.InvokeInnerFilterAsync()
--- End of stack trace from previous location where exception was thrown ---
   at Microsoft.AspNetCore.Mvc.Infrastructure.ResourceInvoker.<InvokeNextExceptionFilterAsync>g__Awaited|25_0(ResourceInvoker invoker, Task lastTask, State next, Scope scope, Object state, Boolean isCompleted)
